<?xml version="1.0" encoding="UTF-8"?>
<!-- Generated by org.testng.reporters.JUnitReportReporter -->
<testsuite hostname="JaF.local" name="edu.cmu.sphinx.frontend.SpeechMarkerTest" tests="1" failures="0" timestamp="7 May 2015 22:56:30 GMT" time="0.001" errors="0">
  <testcase name="testEndWithoutSilence" time="0.001" classname="edu.cmu.sphinx.frontend.SpeechMarkerTest"/>
</testsuite> <!-- edu.cmu.sphinx.frontend.SpeechMarkerTest -->
