<?xml version="1.0" encoding="UTF-8"?>
<!-- Generated by org.testng.reporters.JUnitReportReporter -->
<testsuite hostname="JaF.local" name="edu.cmu.sphinx.fst.ComposeTest" tests="1" failures="0" timestamp="7 May 2015 22:56:30 GMT" time="0.030" errors="0">
  <testcase name="testCompose" time="0.030" classname="edu.cmu.sphinx.fst.ComposeTest"/>
</testsuite> <!-- edu.cmu.sphinx.fst.ComposeTest -->
