<?xml version="1.0" encoding="UTF-8"?>
<!-- Generated by org.testng.reporters.JUnitReportReporter -->
<testsuite hostname="JaF.local" name="edu.cmu.sphinx.fst.DeterminizeTest" tests="1" failures="0" timestamp="7 May 2015 22:56:30 GMT" time="0.006" errors="0">
  <testcase name="testDeterminize" time="0.006" classname="edu.cmu.sphinx.fst.DeterminizeTest"/>
</testsuite> <!-- edu.cmu.sphinx.fst.DeterminizeTest -->
