<?xml version="1.0" encoding="UTF-8"?>
<!-- Generated by org.testng.reporters.JUnitReportReporter -->
<testsuite hostname="JaF.local" name="edu.cmu.sphinx.result.LatticeCompTest" tests="1" failures="0" timestamp="7 May 2015 22:56:30 GMT" time="14.689" errors="0">
  <testcase name="testLatticeComp" time="14.689" classname="edu.cmu.sphinx.result.LatticeCompTest"/>
</testsuite> <!-- edu.cmu.sphinx.result.LatticeCompTest -->
