<?xml version="1.0" encoding="UTF-8"?>
<!-- Generated by org.testng.reporters.JUnitReportReporter -->
<testsuite hostname="JaF.local" name="edu.cmu.sphinx.fst.NShortestPathsTest" tests="1" failures="0" timestamp="7 May 2015 22:56:30 GMT" time="0.021" errors="0">
  <testcase name="testNShortestPaths" time="0.021" classname="edu.cmu.sphinx.fst.NShortestPathsTest"/>
</testsuite> <!-- edu.cmu.sphinx.fst.NShortestPathsTest -->
