<?xml version="1.0" encoding="UTF-8"?>
<!-- Generated by org.testng.reporters.JUnitReportReporter -->
<testsuite hostname="JaF.local" name="edu.cmu.sphinx.frontend.AudioDataSourcesTest" tests="3" failures="0" timestamp="7 May 2015 22:56:30 GMT" time="0.202" errors="0">
  <testcase name="testSimpleFileSources" time="0.029" classname="edu.cmu.sphinx.frontend.AudioDataSourcesTest"/>
  <testcase name="test8KhzSource" time="0.143" classname="edu.cmu.sphinx.frontend.AudioDataSourcesTest"/>
  <testcase name="testConcatDataSource" time="0.030" classname="edu.cmu.sphinx.frontend.AudioDataSourcesTest"/>
</testsuite> <!-- edu.cmu.sphinx.frontend.AudioDataSourcesTest -->
