<?xml version="1.0" encoding="UTF-8"?>
<!-- Generated by org.testng.reporters.JUnitReportReporter -->
<testsuite hostname="JaF.local" name="edu.cmu.sphinx.frontend.NonSpeechDataFilterTest" tests="3" failures="0" timestamp="7 May 2015 22:56:30 GMT" time="0.004" errors="0">
  <testcase name="testOneSpeechRegion" time="0.001" classname="edu.cmu.sphinx.frontend.NonSpeechDataFilterTest"/>
  <testcase name="testMultipleEmptyAndNonemptySegments" time="0.002" classname="edu.cmu.sphinx.frontend.NonSpeechDataFilterTest"/>
  <testcase name="testMultipleSpeechRegionWithoutMerging" time="0.001" classname="edu.cmu.sphinx.frontend.NonSpeechDataFilterTest"/>
</testsuite> <!-- edu.cmu.sphinx.frontend.NonSpeechDataFilterTest -->
