<?xml version="1.0" encoding="UTF-8"?>
<!-- Generated by org.testng.reporters.JUnitReportReporter -->
<testsuite hostname="JaF.local" name="edu.cmu.sphinx.linguist.acoustic.tiedstate.test.MixtureComponentTest" tests="3" failures="0" timestamp="7 May 2015 22:56:30 GMT" time="0.000" errors="0">
  <testcase name="testUnivariateMeanTransformation" time="0.000" classname="edu.cmu.sphinx.linguist.acoustic.tiedstate.test.MixtureComponentTest"/>
  <testcase name="testUnivariateDensity" time="0.000" classname="edu.cmu.sphinx.linguist.acoustic.tiedstate.test.MixtureComponentTest"/>
  <testcase name="testClone" time="0.000" classname="edu.cmu.sphinx.linguist.acoustic.tiedstate.test.MixtureComponentTest"/>
</testsuite> <!-- edu.cmu.sphinx.linguist.acoustic.tiedstate.test.MixtureComponentTest -->
