<?xml version="1.0" encoding="UTF-8"?>
<!-- Generated by org.testng.reporters.JUnitReportReporter -->
<testsuite hostname="JaF.local" name="edu.cmu.sphinx.util.props.ConfigurationManagerTest" tests="6" failures="0" timestamp="7 May 2015 22:56:30 GMT" time="0.197" errors="0">
  <testcase name="testXmlExtendedConfiguration" time="0.007" classname="edu.cmu.sphinx.util.props.ConfigurationManagerTest"/>
  <testcase name="testSerialization" time="0.019" classname="edu.cmu.sphinx.util.props.ConfigurationManagerTest"/>
  <testcase name="testDynamicConfiguruationChange" time="0.146" classname="edu.cmu.sphinx.util.props.ConfigurationManagerTest"/>
  <testcase name="testSerializeDynamicConfiguration" time="0.002" classname="edu.cmu.sphinx.util.props.ConfigurationManagerTest"/>
  <testcase name="testDynamicConfCreation" time="0.012" classname="edu.cmu.sphinx.util.props.ConfigurationManagerTest"/>
  <testcase name="testGetComponentClass" time="0.011" classname="edu.cmu.sphinx.util.props.ConfigurationManagerTest"/>
</testsuite> <!-- edu.cmu.sphinx.util.props.ConfigurationManagerTest -->
