<?xml version="1.0" encoding="UTF-8"?>
<!-- Generated by org.testng.reporters.JUnitReportReporter -->
<testsuite hostname="JaF.local" name="edu.cmu.sphinx.decoder.search.test.PartitionerTest" tests="2" failures="0" timestamp="7 May 2015 22:56:30 GMT" time="0.081" errors="0">
  <testcase name="testPartitionOrders" time="0.061" classname="edu.cmu.sphinx.decoder.search.test.PartitionerTest"/>
  <testcase name="testPartitionSizes" time="0.020" classname="edu.cmu.sphinx.decoder.search.test.PartitionerTest"/>
</testsuite> <!-- edu.cmu.sphinx.decoder.search.test.PartitionerTest -->
