<?xml version="1.0" encoding="UTF-8"?>
<!-- Generated by org.testng.reporters.JUnitReportReporter -->
<testsuite hostname="JaF.local" name="edu.cmu.sphinx.util.props.ComponentPropertyTest" tests="1" failures="0" timestamp="7 May 2015 22:56:30 GMT" time="0.004" errors="0">
  <testcase name="testDefInstance" time="0.004" classname="edu.cmu.sphinx.util.props.ComponentPropertyTest"/>
</testsuite> <!-- edu.cmu.sphinx.util.props.ComponentPropertyTest -->
