<?xml version="1.0" encoding="UTF-8"?>
<!-- Generated by org.testng.reporters.JUnitReportReporter -->
<testsuite hostname="JaF.local" name="edu.cmu.sphinx.linguist.language.ngram.large.LargeNgramTest" tests="1" failures="0" timestamp="7 May 2015 22:56:30 GMT" time="0.019" errors="0">
  <testcase name="testNgram" time="0.019" classname="edu.cmu.sphinx.linguist.language.ngram.large.LargeNgramTest"/>
</testsuite> <!-- edu.cmu.sphinx.linguist.language.ngram.large.LargeNgramTest -->
