<?xml version="1.0" encoding="UTF-8"?>
<!-- Generated by org.testng.reporters.JUnitReportReporter -->
<testsuite hostname="JaF.local" name="edu.cmu.sphinx.alignment.UsEnglishWordExpanderTest" tests="32" failures="0" timestamp="7 May 2015 22:56:30 GMT" time="0.090" errors="0">
  <testcase name="textToWords" time="0.001" classname="edu.cmu.sphinx.alignment.UsEnglishWordExpanderTest"/>
  <testcase name="textToWords" time="0.001" classname="edu.cmu.sphinx.alignment.UsEnglishWordExpanderTest"/>
  <testcase name="textToWords" time="0.020" classname="edu.cmu.sphinx.alignment.UsEnglishWordExpanderTest"/>
  <testcase name="textToWords" time="0.002" classname="edu.cmu.sphinx.alignment.UsEnglishWordExpanderTest"/>
  <testcase name="textToWords" time="0.003" classname="edu.cmu.sphinx.alignment.UsEnglishWordExpanderTest"/>
  <testcase name="textToWords" time="0.001" classname="edu.cmu.sphinx.alignment.UsEnglishWordExpanderTest"/>
  <testcase name="textToWords" time="0.002" classname="edu.cmu.sphinx.alignment.UsEnglishWordExpanderTest"/>
  <testcase name="textToWords" time="0.002" classname="edu.cmu.sphinx.alignment.UsEnglishWordExpanderTest"/>
  <testcase name="textToWords" time="0.002" classname="edu.cmu.sphinx.alignment.UsEnglishWordExpanderTest"/>
  <testcase name="textToWords" time="0.002" classname="edu.cmu.sphinx.alignment.UsEnglishWordExpanderTest"/>
  <testcase name="textToWords" time="0.001" classname="edu.cmu.sphinx.alignment.UsEnglishWordExpanderTest"/>
  <testcase name="textToWords" time="0.006" classname="edu.cmu.sphinx.alignment.UsEnglishWordExpanderTest"/>
  <testcase name="textToWords" time="0.001" classname="edu.cmu.sphinx.alignment.UsEnglishWordExpanderTest"/>
  <testcase name="textToWords" time="0.002" classname="edu.cmu.sphinx.alignment.UsEnglishWordExpanderTest"/>
  <testcase name="textToWords" time="0.002" classname="edu.cmu.sphinx.alignment.UsEnglishWordExpanderTest"/>
  <testcase name="textToWords" time="0.002" classname="edu.cmu.sphinx.alignment.UsEnglishWordExpanderTest"/>
  <testcase name="textToWords" time="0.002" classname="edu.cmu.sphinx.alignment.UsEnglishWordExpanderTest"/>
  <testcase name="textToWords" time="0.001" classname="edu.cmu.sphinx.alignment.UsEnglishWordExpanderTest"/>
  <testcase name="textToWords" time="0.001" classname="edu.cmu.sphinx.alignment.UsEnglishWordExpanderTest"/>
  <testcase name="textToWords" time="0.001" classname="edu.cmu.sphinx.alignment.UsEnglishWordExpanderTest"/>
  <testcase name="textToWords" time="0.001" classname="edu.cmu.sphinx.alignment.UsEnglishWordExpanderTest"/>
  <testcase name="textToWords" time="0.001" classname="edu.cmu.sphinx.alignment.UsEnglishWordExpanderTest"/>
  <testcase name="textToWords" time="0.001" classname="edu.cmu.sphinx.alignment.UsEnglishWordExpanderTest"/>
  <testcase name="textToWords" time="0.003" classname="edu.cmu.sphinx.alignment.UsEnglishWordExpanderTest"/>
  <testcase name="textToWords" time="0.001" classname="edu.cmu.sphinx.alignment.UsEnglishWordExpanderTest"/>
  <testcase name="textToWords" time="0.002" classname="edu.cmu.sphinx.alignment.UsEnglishWordExpanderTest"/>
  <testcase name="textToWords" time="0.015" classname="edu.cmu.sphinx.alignment.UsEnglishWordExpanderTest"/>
  <testcase name="textToWords" time="0.002" classname="edu.cmu.sphinx.alignment.UsEnglishWordExpanderTest"/>
  <testcase name="textToWords" time="0.002" classname="edu.cmu.sphinx.alignment.UsEnglishWordExpanderTest"/>
  <testcase name="textToWords" time="0.005" classname="edu.cmu.sphinx.alignment.UsEnglishWordExpanderTest"/>
  <testcase name="textToWords" time="0.001" classname="edu.cmu.sphinx.alignment.UsEnglishWordExpanderTest"/>
  <testcase name="textToWords" time="0.001" classname="edu.cmu.sphinx.alignment.UsEnglishWordExpanderTest"/>
</testsuite> <!-- edu.cmu.sphinx.alignment.UsEnglishWordExpanderTest -->
