<?xml version="1.0" encoding="UTF-8"?>
<!-- Generated by org.testng.reporters.JUnitReportReporter -->
<testsuite hostname="JaF.local" name="edu.cmu.sphinx.linguist.dictionary.DictionaryTest" tests="1" failures="0" timestamp="7 May 2015 22:56:30 GMT" time="2.387" errors="0">
  <testcase name="testDictionary" time="2.387" classname="edu.cmu.sphinx.linguist.dictionary.DictionaryTest"/>
</testsuite> <!-- edu.cmu.sphinx.linguist.dictionary.DictionaryTest -->
