<?xml version="1.0" encoding="UTF-8"?>
<!-- Generated by org.testng.reporters.JUnitReportReporter -->
<testsuite hostname="JaF.local" name="edu.cmu.sphinx.tools.bandwidth.BandDetectorTest" tests="1" failures="0" timestamp="7 May 2015 22:56:30 GMT" time="0.258" errors="0">
  <testcase name="test" time="0.258" classname="edu.cmu.sphinx.tools.bandwidth.BandDetectorTest"/>
</testsuite> <!-- edu.cmu.sphinx.tools.bandwidth.BandDetectorTest -->
