<?xml version="1.0" encoding="UTF-8"?>
<!-- Generated by org.testng.reporters.JUnitReportReporter -->
<testsuite hostname="JaF.local" name="edu.cmu.sphinx.linguist.language.grammar.FSTGrammarTest" tests="1" failures="0" timestamp="7 May 2015 22:56:30 GMT" time="0.008" errors="0">
  <testcase name="testForcedAlignerGrammar" time="0.008" classname="edu.cmu.sphinx.linguist.language.grammar.FSTGrammarTest"/>
</testsuite> <!-- edu.cmu.sphinx.linguist.language.grammar.FSTGrammarTest -->
