<?xml version="1.0" encoding="UTF-8"?>
<!-- Generated by org.testng.reporters.JUnitReportReporter -->
<testsuite hostname="JaF.local" name="edu.cmu.sphinx.alignment.TextAlignerSmallTest" tests="4" failures="0" timestamp="7 May 2015 22:56:30 GMT" time="0.003" errors="0">
  <testcase name="align" time="0.000" classname="edu.cmu.sphinx.alignment.TextAlignerSmallTest"/>
  <testcase name="align" time="0.001" classname="edu.cmu.sphinx.alignment.TextAlignerSmallTest"/>
  <testcase name="align" time="0.001" classname="edu.cmu.sphinx.alignment.TextAlignerSmallTest"/>
  <testcase name="align" time="0.001" classname="edu.cmu.sphinx.alignment.TextAlignerSmallTest"/>
</testsuite> <!-- edu.cmu.sphinx.alignment.TextAlignerSmallTest -->
