<?xml version="1.0" encoding="UTF-8"?>
<!-- Generated by org.testng.reporters.JUnitReportReporter -->
<testsuite hostname="JaF.local" name="edu.cmu.sphinx.frontend.FrontendElementTest" tests="7" failures="0" timestamp="7 May 2015 22:56:30 GMT" time="1.028" errors="0">
  <testcase name="testElement" time="0.123" classname="edu.cmu.sphinx.frontend.FrontendElementTest"/>
  <testcase name="testElement" time="0.644" classname="edu.cmu.sphinx.frontend.FrontendElementTest"/>
  <testcase name="testElement" time="0.048" classname="edu.cmu.sphinx.frontend.FrontendElementTest"/>
  <testcase name="testElement" time="0.036" classname="edu.cmu.sphinx.frontend.FrontendElementTest"/>
  <testcase name="testElement" time="0.035" classname="edu.cmu.sphinx.frontend.FrontendElementTest"/>
  <testcase name="testElement" time="0.047" classname="edu.cmu.sphinx.frontend.FrontendElementTest"/>
  <testcase name="testElement" time="0.095" classname="edu.cmu.sphinx.frontend.FrontendElementTest"/>
</testsuite> <!-- edu.cmu.sphinx.frontend.FrontendElementTest -->
