<?xml version="1.0" encoding="UTF-8" ?>
<testsuite tests="94" failures="0" name="TestSuite" time="19.535" errors="0" skipped="0">
  <properties>
    <property name="java.runtime.name" value="Java(TM) SE Runtime Environment"/>
    <property name="sun.boot.library.path" value="/Library/Java/JavaVirtualMachines/jdk1.8.0_20.jdk/Contents/Home/jre/lib"/>
    <property name="java.vm.version" value="25.20-b23"/>
    <property name="gopherProxySet" value="false"/>
    <property name="java.vm.vendor" value="Oracle Corporation"/>
    <property name="maven.multiModuleProjectDirectory" value="/Users/joefiala/documents/workspace/sphinx4-5prealpha-src"/>
    <property name="java.vendor.url" value="http://java.oracle.com/"/>
    <property name="path.separator" value=":"/>
    <property name="guice.disable.misplaced.annotation.check" value="true"/>
    <property name="java.vm.name" value="Java HotSpot(TM) 64-Bit Server VM"/>
    <property name="file.encoding.pkg" value="sun.io"/>
    <property name="user.country" value="US"/>
    <property name="sun.java.launcher" value="SUN_STANDARD"/>
    <property name="sun.os.patch.level" value="unknown"/>
    <property name="java.vm.specification.name" value="Java Virtual Machine Specification"/>
    <property name="user.dir" value="/Users/joefiala/Documents/workspace/sphinx4-5prealpha-src"/>
    <property name="java.runtime.version" value="1.8.0_20-b26"/>
    <property name="java.awt.graphicsenv" value="sun.awt.CGraphicsEnvironment"/>
    <property name="java.endorsed.dirs" value="/Library/Java/JavaVirtualMachines/jdk1.8.0_20.jdk/Contents/Home/jre/lib/endorsed"/>
    <property name="os.arch" value="x86_64"/>
    <property name="java.io.tmpdir" value="/var/folders/_c/pplclfhd4slgynf4bxy3kcgh0000gn/T/"/>
    <property name="line.separator" value="
"/>
    <property name="java.vm.specification.vendor" value="Oracle Corporation"/>
    <property name="os.name" value="Mac OS X"/>
    <property name="classworlds.conf" value="/usr/local/Cellar/maven/3.3.1/libexec/bin/m2.conf"/>
    <property name="sun.jnu.encoding" value="UTF-8"/>
    <property name="java.library.path" value="/Users/joefiala/Library/Java/Extensions:/Library/Java/Extensions:/Network/Library/Java/Extensions:/System/Library/Java/Extensions:/usr/lib/java:."/>
    <property name="java.specification.name" value="Java Platform API Specification"/>
    <property name="java.class.version" value="52.0"/>
    <property name="sun.management.compiler" value="HotSpot 64-Bit Tiered Compilers"/>
    <property name="os.version" value="10.10.2"/>
    <property name="http.nonProxyHosts" value="local|*.local|169.254/16|*.169.254/16"/>
    <property name="user.home" value="/Users/joefiala"/>
    <property name="user.timezone" value="America/Chicago"/>
    <property name="java.awt.printerjob" value="sun.lwawt.macosx.CPrinterJob"/>
    <property name="java.specification.version" value="1.8"/>
    <property name="file.encoding" value="UTF-8"/>
    <property name="user.name" value="joefiala"/>
    <property name="java.class.path" value="/usr/local/Cellar/maven/3.3.1/libexec/boot/plexus-classworlds-2.5.2.jar"/>
    <property name="java.vm.specification.version" value="1.8"/>
    <property name="sun.arch.data.model" value="64"/>
    <property name="java.home" value="/Library/Java/JavaVirtualMachines/jdk1.8.0_20.jdk/Contents/Home/jre"/>
    <property name="sun.java.command" value="org.codehaus.plexus.classworlds.launcher.Launcher install"/>
    <property name="java.specification.vendor" value="Oracle Corporation"/>
    <property name="user.language" value="en"/>
    <property name="awt.toolkit" value="sun.lwawt.macosx.LWCToolkit"/>
    <property name="java.vm.info" value="mixed mode"/>
    <property name="java.version" value="1.8.0_20"/>
    <property name="java.ext.dirs" value="/Users/joefiala/Library/Java/Extensions:/Library/Java/JavaVirtualMachines/jdk1.8.0_20.jdk/Contents/Home/jre/lib/ext:/Library/Java/Extensions:/Network/Library/Java/Extensions:/System/Library/Java/Extensions:/usr/lib/java"/>
    <property name="sun.boot.class.path" value="/Library/Java/JavaVirtualMachines/jdk1.8.0_20.jdk/Contents/Home/jre/lib/resources.jar:/Library/Java/JavaVirtualMachines/jdk1.8.0_20.jdk/Contents/Home/jre/lib/rt.jar:/Library/Java/JavaVirtualMachines/jdk1.8.0_20.jdk/Contents/Home/jre/lib/sunrsasign.jar:/Library/Java/JavaVirtualMachines/jdk1.8.0_20.jdk/Contents/Home/jre/lib/jsse.jar:/Library/Java/JavaVirtualMachines/jdk1.8.0_20.jdk/Contents/Home/jre/lib/jce.jar:/Library/Java/JavaVirtualMachines/jdk1.8.0_20.jdk/Contents/Home/jre/lib/charsets.jar:/Library/Java/JavaVirtualMachines/jdk1.8.0_20.jdk/Contents/Home/jre/lib/jfr.jar:/Library/Java/JavaVirtualMachines/jdk1.8.0_20.jdk/Contents/Home/jre/classes"/>
    <property name="java.vendor" value="Oracle Corporation"/>
    <property name="maven.home" value="/usr/local/Cellar/maven/3.3.1/libexec"/>
    <property name="file.separator" value="/"/>
    <property name="java.vendor.url.bug" value="http://bugreport.sun.com/bugreport/"/>
    <property name="sun.cpu.endian" value="little"/>
    <property name="sun.io.unicode.encoding" value="UnicodeBig"/>
    <property name="socksNonProxyHosts" value="local|*.local|169.254/16|*.169.254/16"/>
    <property name="ftp.nonProxyHosts" value="local|*.local|169.254/16|*.169.254/16"/>
    <property name="sun.cpu.isalist" value=""/>
  </properties>
  <testcase classname="edu.cmu.sphinx.fst.ArcSortTest" name="testArcSort" time="0.014"/>
  <testcase classname="edu.cmu.sphinx.frontend.AudioDataSourcesTest" name="test8KhzSource" time="0.14"/>
  <testcase classname="edu.cmu.sphinx.frontend.AudioDataSourcesTest" name="testConcatDataSource" time="0.03"/>
  <testcase classname="edu.cmu.sphinx.frontend.AudioDataSourcesTest" name="testSimpleFileSources" time="0.024"/>
  <testcase classname="edu.cmu.sphinx.tools.bandwidth.BandDetectorTest" name="test" time="0.259"/>
  <testcase classname="edu.cmu.sphinx.linguist.language.grammar.BatchForcedAlignerGrammarTest" name="testForcedAlignerGrammar" time="0.448"/>
  <testcase classname="edu.cmu.sphinx.util.props.ComponentPropertyTest" name="testDefInstance" time="0.003"/>
  <testcase classname="edu.cmu.sphinx.fst.ComposeEpsilonTest" name="testCompose" time="0.017"/>
  <testcase classname="edu.cmu.sphinx.fst.ComposeTest" name="testCompose" time="0.03"/>
  <testcase classname="edu.cmu.sphinx.util.props.ConfigurationManagerTest" name="testDynamicConfCreation" time="0.012"/>
  <testcase classname="edu.cmu.sphinx.util.props.ConfigurationManagerTest" name="testDynamicConfiguruationChange" time="0.145"/>
  <testcase classname="edu.cmu.sphinx.util.props.ConfigurationManagerTest" name="testGetComponentClass" time="0.011"/>
  <testcase classname="edu.cmu.sphinx.util.props.ConfigurationManagerTest" name="testSerialization" time="0.02"/>
  <testcase classname="edu.cmu.sphinx.util.props.ConfigurationManagerTest" name="testSerializeDynamicConfiguration" time="0.002"/>
  <testcase classname="edu.cmu.sphinx.util.props.ConfigurationManagerTest" name="testXmlExtendedConfiguration" time="0.007"/>
  <testcase classname="edu.cmu.sphinx.fst.ConnectTest" name="testConnect" time="0.012"/>
  <testcase classname="edu.cmu.sphinx.frontend.DataBlockerTest" name="skipLastSamples on DataBlockerTest" time="0.001"/>
  <testcase classname="edu.cmu.sphinx.frontend.DataBlockerTest" name="testLongInput on DataBlockerTest" time="0.001"/>
  <testcase classname="edu.cmu.sphinx.frontend.DataBlockerTest" name="testUsualInput on DataBlockerTest" time="0.001"/>
  <testcase classname="edu.cmu.sphinx.fst.DeterminizeTest" name="testDeterminize" time="0.007"/>
  <testcase classname="edu.cmu.sphinx.linguist.dictionary.DictionaryTest" name="testDictionary" time="2.387"/>
  <testcase classname="edu.cmu.sphinx.linguist.language.ngram.DynamicTrigramModelTest" name="bigramModel" time="0.029"/>
  <testcase classname="edu.cmu.sphinx.linguist.language.ngram.DynamicTrigramModelTest" name="trigramModel" time="0.001"/>
  <testcase classname="edu.cmu.sphinx.linguist.language.ngram.DynamicTrigramModelTest" name="unigramModel" time="0.002"/>
  <testcase classname="edu.cmu.sphinx.linguist.language.grammar.FSTGrammarTest" name="testForcedAlignerGrammar" time="0.008"/>
  <testcase classname="edu.cmu.sphinx.frontend.FrontendElementTest" name="testElement" time="0.644"/>
  <testcase classname="edu.cmu.sphinx.frontend.FrontendElementTest" name="testElement" time="0.123"/>
  <testcase classname="edu.cmu.sphinx.frontend.FrontendElementTest" name="testElement" time="0.095"/>
  <testcase classname="edu.cmu.sphinx.frontend.FrontendElementTest" name="testElement" time="0.037"/>
  <testcase classname="edu.cmu.sphinx.frontend.FrontendElementTest" name="testElement" time="0.048"/>
  <testcase classname="edu.cmu.sphinx.frontend.FrontendElementTest" name="testElement" time="0.036"/>
  <testcase classname="edu.cmu.sphinx.frontend.FrontendElementTest" name="testElement" time="0.047"/>
  <testcase classname="edu.cmu.sphinx.fst.ImportTest" name="testConvert" time="0.005"/>
  <testcase classname="edu.cmu.sphinx.linguist.language.ngram.large.LargeNgramTest" name="testNgram" time="0.018"/>
  <testcase classname="edu.cmu.sphinx.result.LatticeCompTest" name="testLatticeComp" time="14.689"/>
  <testcase classname="edu.cmu.sphinx.linguist.acoustic.tiedstate.test.MixtureComponentTest" name="testClone" time="0"/>
  <testcase classname="edu.cmu.sphinx.linguist.acoustic.tiedstate.test.MixtureComponentTest" name="testUnivariateDensity" time="0"/>
  <testcase classname="edu.cmu.sphinx.linguist.acoustic.tiedstate.test.MixtureComponentTest" name="testUnivariateMeanTransformation" time="0"/>
  <testcase classname="edu.cmu.sphinx.fst.NShortestPathsTest" name="testNShortestPaths" time="0.021"/>
  <testcase classname="edu.cmu.sphinx.frontend.NonSpeechDataFilterTest" name="testMultipleEmptyAndNonemptySegments on NonSpeechDataFilterTest" time="0.003"/>
  <testcase classname="edu.cmu.sphinx.frontend.NonSpeechDataFilterTest" name="testMultipleSpeechRegionWithoutMerging on NonSpeechDataFilterTest" time="0.001"/>
  <testcase classname="edu.cmu.sphinx.frontend.NonSpeechDataFilterTest" name="testOneSpeechRegion on NonSpeechDataFilterTest" time="0.001"/>
  <testcase classname="edu.cmu.sphinx.decoder.search.test.PartitionerTest" name="testPartitionOrders" time="0.06"/>
  <testcase classname="edu.cmu.sphinx.decoder.search.test.PartitionerTest" name="testPartitionSizes" time="0.02"/>
  <testcase classname="edu.cmu.sphinx.result.PosteriorTest" name="testPosterior" time="0.001"/>
  <testcase classname="edu.cmu.sphinx.fst.ProjectTest" name="testProject" time="0.004"/>
  <testcase classname="edu.cmu.sphinx.fst.ReverseTest" name="testReverse" time="0.009"/>
  <testcase classname="edu.cmu.sphinx.fst.RmEpsilonTest" name="testRmEpsilon" time="0.013"/>
  <testcase classname="edu.cmu.sphinx.alignment.SpeechAlignerTest" name="shouldAlignText" time="0.006"/>
  <testcase classname="edu.cmu.sphinx.frontend.SpeechMarkerTest" name="testEndWithoutSilence on SpeechMarkerTest" time="0"/>
  <testcase classname="edu.cmu.sphinx.util.props.TestConfigurable" name="testDynamicConfCreationWithoutDefaultProperty" time="0"/>
  <testcase classname="edu.cmu.sphinx.util.props.TestConfigurable" name="testNullStringProperty" time="0.001"/>
  <testcase classname="edu.cmu.sphinx.util.props.TestConfigurable" name="testPropSheetFromConfigurableInstance" time="0.001"/>
  <testcase classname="edu.cmu.sphinx.alignment.TextAlignerSmallTest" name="align" time="0"/>
  <testcase classname="edu.cmu.sphinx.alignment.TextAlignerSmallTest" name="align" time="0"/>
  <testcase classname="edu.cmu.sphinx.alignment.TextAlignerSmallTest" name="align" time="0"/>
  <testcase classname="edu.cmu.sphinx.alignment.TextAlignerSmallTest" name="align" time="0.001"/>
  <testcase classname="edu.cmu.sphinx.alignment.UsEnglishWordExpanderTest" name="textToWords" time="0.014"/>
  <testcase classname="edu.cmu.sphinx.alignment.UsEnglishWordExpanderTest" name="textToWords" time="0.002"/>
  <testcase classname="edu.cmu.sphinx.alignment.UsEnglishWordExpanderTest" name="textToWords" time="0"/>
  <testcase classname="edu.cmu.sphinx.alignment.UsEnglishWordExpanderTest" name="textToWords" time="0"/>
  <testcase classname="edu.cmu.sphinx.alignment.UsEnglishWordExpanderTest" name="textToWords" time="0.002"/>
  <testcase classname="edu.cmu.sphinx.alignment.UsEnglishWordExpanderTest" name="textToWords" time="0.001"/>
  <testcase classname="edu.cmu.sphinx.alignment.UsEnglishWordExpanderTest" name="textToWords" time="0.001"/>
  <testcase classname="edu.cmu.sphinx.alignment.UsEnglishWordExpanderTest" name="textToWords" time="0"/>
  <testcase classname="edu.cmu.sphinx.alignment.UsEnglishWordExpanderTest" name="textToWords" time="0.001"/>
  <testcase classname="edu.cmu.sphinx.alignment.UsEnglishWordExpanderTest" name="textToWords" time="0.001"/>
  <testcase classname="edu.cmu.sphinx.alignment.UsEnglishWordExpanderTest" name="textToWords" time="0.001"/>
  <testcase classname="edu.cmu.sphinx.alignment.UsEnglishWordExpanderTest" name="textToWords" time="0.001"/>
  <testcase classname="edu.cmu.sphinx.alignment.UsEnglishWordExpanderTest" name="textToWords" time="0.001"/>
  <testcase classname="edu.cmu.sphinx.alignment.UsEnglishWordExpanderTest" name="textToWords" time="0"/>
  <testcase classname="edu.cmu.sphinx.alignment.UsEnglishWordExpanderTest" name="textToWords" time="0.001"/>
  <testcase classname="edu.cmu.sphinx.alignment.UsEnglishWordExpanderTest" name="textToWords" time="0.001"/>
  <testcase classname="edu.cmu.sphinx.alignment.UsEnglishWordExpanderTest" name="textToWords" time="0"/>
  <testcase classname="edu.cmu.sphinx.alignment.UsEnglishWordExpanderTest" name="textToWords" time="0.001"/>
  <testcase classname="edu.cmu.sphinx.alignment.UsEnglishWordExpanderTest" name="textToWords" time="0"/>
  <testcase classname="edu.cmu.sphinx.alignment.UsEnglishWordExpanderTest" name="textToWords" time="0"/>
  <testcase classname="edu.cmu.sphinx.alignment.UsEnglishWordExpanderTest" name="textToWords" time="0.001"/>
  <testcase classname="edu.cmu.sphinx.alignment.UsEnglishWordExpanderTest" name="textToWords" time="0"/>
  <testcase classname="edu.cmu.sphinx.alignment.UsEnglishWordExpanderTest" name="textToWords" time="0"/>
  <testcase classname="edu.cmu.sphinx.alignment.UsEnglishWordExpanderTest" name="textToWords" time="0"/>
  <testcase classname="edu.cmu.sphinx.alignment.UsEnglishWordExpanderTest" name="textToWords" time="0.001"/>
  <testcase classname="edu.cmu.sphinx.alignment.UsEnglishWordExpanderTest" name="textToWords" time="0"/>
  <testcase classname="edu.cmu.sphinx.alignment.UsEnglishWordExpanderTest" name="textToWords" time="0"/>
  <testcase classname="edu.cmu.sphinx.alignment.UsEnglishWordExpanderTest" name="textToWords" time="0.001"/>
  <testcase classname="edu.cmu.sphinx.alignment.UsEnglishWordExpanderTest" name="textToWords" time="0.001"/>
  <testcase classname="edu.cmu.sphinx.alignment.UsEnglishWordExpanderTest" name="textToWords" time="0"/>
  <testcase classname="edu.cmu.sphinx.alignment.UsEnglishWordExpanderTest" name="textToWords" time="0"/>
  <testcase classname="edu.cmu.sphinx.alignment.UsEnglishWordExpanderTest" name="textToWords" time="0"/>
  <testcase classname="edu.cmu.sphinx.linguist.WordSequenceTest" name="comparison" time="0.003"/>
  <testcase classname="edu.cmu.sphinx.linguist.WordSequenceTest" name="equals" time="0.003"/>
  <testcase classname="edu.cmu.sphinx.linguist.WordSequenceTest" name="getNewest" time="0"/>
  <testcase classname="edu.cmu.sphinx.linguist.WordSequenceTest" name="getOldest" time="0.002"/>
  <testcase classname="edu.cmu.sphinx.linguist.WordSequenceTest" name="unknownWords" time="0"/>
</testsuite>